2025-08-17 08:19:40,405 [INFO] Activator:176 - 


2025-08-17 08:19:40,406 [INFO] Activator:177 - !SESSION log4j initialized
2025-08-17 08:19:43,554 [INFO] LogOutputStream:77 - [STDOUT_REDIRECT] 
2025-08-17 08:19:46,290 [INFO] ApplicationProperties:184 - Using Application install path: C:\Apps\STM32CubeIDE_1.18.1\STM32CubeIDE\plugins\com.st.stm32cube.common.mx_6.14.1.202504091515
2025-08-17 08:19:46,317 [INFO] DbMcusXml:78 - Set database path to: C:\Apps\STM32CubeIDE_1.18.1\STM32CubeIDE\plugins\com.st.stm32cube.common.mx_6.14.1.202504091515\\db\/mcu/
2025-08-17 08:19:46,318 [INFO] ApiDb:274 - Set plugin database path to: C:\Apps\STM32CubeIDE_1.18.1\STM32CubeIDE\plugins\com.st.stm32cube.common.mx_6.14.1.202504091515\\db\/plugins/boardmanager/
2025-08-17 08:19:46,319 [WARN] ApiDb:259 - Overriding images path with different value:  => C:\Apps\STM32CubeIDE_1.18.1\STM32CubeIDE\plugins\com.st.stm32cube.common.mx_6.14.1.202504091515\\db\/plugins/mcufinder/images/
2025-08-17 08:19:46,324 [INFO] ApiDb:250 - Set database path to: C:\Users\aless\.stmcufinder\plugins\mcufinder//mcu/
2025-08-17 08:19:46,326 [INFO] DbMcusAds:125 - Set database path to: C:\Users\aless\.stmcufinder\plugins\mcufinder//mcu/
2025-08-17 08:19:46,335 [INFO] CrossReferenceDbSqlite:203 - Set database path to: C:\Users\aless\.stmcufinder\plugins\mcufinder//mcu/cs/
2025-08-17 08:19:46,474 [INFO] RulesReader:64 - Compatibility file has been processed (302 Rules)
2025-08-17 08:19:46,546 [INFO] DbMcusXml:78 - Set database path to: C:\Apps\STM32CubeIDE_1.18.1\STM32CubeIDE\plugins\com.st.stm32cube.common.mx_6.14.1.202504091515\\db\/mcu/
2025-08-17 08:19:46,546 [INFO] ApiDb:274 - Set plugin database path to: C:\Apps\STM32CubeIDE_1.18.1\STM32CubeIDE\plugins\com.st.stm32cube.common.mx_6.14.1.202504091515\\db\/plugins/boardmanager/
2025-08-17 08:19:46,546 [INFO] ApiDb:261 - Set plugin images path to: C:\Apps\STM32CubeIDE_1.18.1\STM32CubeIDE\plugins\com.st.stm32cube.common.mx_6.14.1.202504091515\\db\/plugins/mcufinder/images/
2025-08-17 08:19:46,546 [WARN] DbFile:41 - Overriding database path with different value: C:\Users\aless\.stmcufinder\plugins\mcufinder/ => C:\Users\aless\.stmcufinder\plugins\mcufinder
2025-08-17 08:19:46,546 [INFO] ApiDb:250 - Set database path to: C:\Users\aless\.stmcufinder\plugins\mcufinder//mcu/
2025-08-17 08:19:46,546 [WARN] DbFile:41 - Overriding database path with different value: C:\Users\aless\.stmcufinder\plugins\mcufinder/ => C:\Users\aless\.stmcufinder\plugins\mcufinder
2025-08-17 08:19:46,547 [INFO] DbMcusAds:125 - Set database path to: C:\Users\aless\.stmcufinder\plugins\mcufinder//mcu/
2025-08-17 08:19:46,547 [WARN] DbFile:41 - Overriding database path with different value: C:\Users\aless\.stmcufinder\plugins\mcufinder/ => C:\Users\aless\.stmcufinder\plugins\mcufinder
2025-08-17 08:19:46,547 [WARN] DbFile:41 - Overriding database path with different value: C:\Users\aless\.stmcufinder\plugins\mcufinder/ => C:\Users\aless\.stmcufinder\plugins\mcufinder
2025-08-17 08:19:46,547 [INFO] CrossReferenceDbSqlite:203 - Set database path to: C:\Users\aless\.stmcufinder\plugins\mcufinder//mcu/cs/
2025-08-17 08:19:46,713 [INFO] MainPanel:272 - HeapMemory: 270532608
2025-08-17 08:19:46,929 [INFO] DbMcusXml:78 - Set database path to: C:\Apps\STM32CubeIDE_1.18.1\STM32CubeIDE\plugins\com.st.stm32cube.common.mx_6.14.1.202504091515\\db\/mcu/
2025-08-17 08:19:46,929 [INFO] ApiDb:274 - Set plugin database path to: C:\Apps\STM32CubeIDE_1.18.1\STM32CubeIDE\plugins\com.st.stm32cube.common.mx_6.14.1.202504091515\\db\/plugins/boardmanager/
2025-08-17 08:19:46,929 [INFO] ApiDb:261 - Set plugin images path to: C:\Apps\STM32CubeIDE_1.18.1\STM32CubeIDE\plugins\com.st.stm32cube.common.mx_6.14.1.202504091515\\db\/plugins/mcufinder/images/
2025-08-17 08:19:46,930 [WARN] DbFile:41 - Overriding database path with different value: C:\Users\aless\.stmcufinder\plugins\mcufinder/ => C:\Users\aless\.stmcufinder\plugins\mcufinder
2025-08-17 08:19:46,930 [INFO] ApiDb:250 - Set database path to: C:\Users\aless\.stmcufinder\plugins\mcufinder//mcu/
2025-08-17 08:19:46,931 [WARN] DbFile:41 - Overriding database path with different value: C:\Users\aless\.stmcufinder\plugins\mcufinder/ => C:\Users\aless\.stmcufinder\plugins\mcufinder
2025-08-17 08:19:46,931 [INFO] DbMcusAds:125 - Set database path to: C:\Users\aless\.stmcufinder\plugins\mcufinder//mcu/
2025-08-17 08:19:46,931 [WARN] DbFile:41 - Overriding database path with different value: C:\Users\aless\.stmcufinder\plugins\mcufinder/ => C:\Users\aless\.stmcufinder\plugins\mcufinder
2025-08-17 08:19:46,931 [WARN] DbFile:41 - Overriding database path with different value: C:\Users\aless\.stmcufinder\plugins\mcufinder/ => C:\Users\aless\.stmcufinder\plugins\mcufinder
2025-08-17 08:19:46,931 [INFO] CrossReferenceDbSqlite:203 - Set database path to: C:\Users\aless\.stmcufinder\plugins\mcufinder//mcu/cs/
2025-08-17 08:19:46,958 [INFO] ApplicationProperties:184 - Using Application install path: C:\Apps\STM32CubeIDE_1.18.1\STM32CubeIDE\plugins\com.st.stm32cube.common.mx_6.14.1.202504091515
2025-08-17 08:19:46,959 [INFO] PluginManage:196 - Search for loadable plugins [exclusion list=, ]
2025-08-17 08:19:46,960 [INFO] PluginManage:310 - Check plugin analytics
2025-08-17 08:19:47,273 [INFO] AnalyticsPlugin:253 - Accepted Software Licenses: 
2025-08-17 08:19:47,274 [INFO] AnalyticsPlugin:255 - Accepted CMSIS Pack Licenses: 
2025-08-17 08:19:47,274 [INFO] AnalyticsPlugin:257 - Accepted Firmware Licenses: FW.F4.1.28.0
2025-08-17 08:19:47,278 [INFO] PluginManage:359 - Loaded plugin analytics (category:tool,tabindex:-1)
2025-08-17 08:19:47,278 [INFO] PluginManage:310 - Check plugin cadmodel
2025-08-17 08:19:47,288 [INFO] CADModel:105 - Init CAD model plugin
2025-08-17 08:19:47,288 [INFO] PluginManage:359 - Loaded plugin cadmodel (category:power,tabindex:5)
2025-08-17 08:19:47,289 [INFO] PluginManage:310 - Check plugin clock
2025-08-17 08:19:47,298 [INFO] PluginManage:359 - Loaded plugin clock (category:base,tabindex:2)
2025-08-17 08:19:47,299 [INFO] PluginManage:310 - Check plugin ddr
2025-08-17 08:19:47,301 [INFO] PluginManage:359 - Loaded plugin ddr (category:tool,tabindex:6)
2025-08-17 08:19:47,302 [INFO] PluginManage:310 - Check plugin filemanager
2025-08-17 08:19:47,470 [INFO] PluginManage:359 - Loaded plugin filemanager (category:base,tabindex:10)
2025-08-17 08:19:47,470 [INFO] PluginManage:310 - Check plugin ipmanager
2025-08-17 08:19:47,477 [INFO] PluginManage:359 - Loaded plugin ipmanager (category:base,tabindex:5)
2025-08-17 08:19:47,478 [INFO] PluginManage:310 - Check plugin lpbam
2025-08-17 08:19:47,486 [INFO] PluginManage:359 - Loaded plugin lpbam (category:base,tabindex:0)
2025-08-17 08:19:47,487 [INFO] PluginManage:310 - Check plugin memorymap
2025-08-17 08:19:47,503 [INFO] PluginManage:359 - Loaded plugin memorymap (category:base,tabindex:4)
2025-08-17 08:19:47,503 [INFO] PluginManage:310 - Check plugin pinoutandconfiguration
2025-08-17 08:19:47,510 [INFO] PluginManage:359 - Loaded plugin pinoutandconfiguration (category:base,tabindex:1)
2025-08-17 08:19:47,510 [INFO] PluginManage:310 - Check plugin pinoutconfig
2025-08-17 08:19:47,665 [WARN] SupportedApi:132 - Cannot load RTOS API schema: s4s-elt-must-match.1: The content of 'definitions' must match (annotation?, (simpleType | complexType)?, (unique | key | keyref)*)). A problem was found starting at: attribute.
2025-08-17 08:19:47,814 [INFO] PluginManage:359 - Loaded plugin pinoutconfig (category:base,tabindex:0)
2025-08-17 08:19:47,814 [INFO] PluginManage:310 - Check plugin power
2025-08-17 08:19:47,823 [INFO] PluginManage:359 - Loaded plugin power (category:power,tabindex:4)
2025-08-17 08:19:47,823 [INFO] PluginManage:310 - Check plugin projectmanager
2025-08-17 08:19:47,841 [INFO] PluginManage:359 - Loaded plugin projectmanager (category:projectmanager,tabindex:4)
2025-08-17 08:19:47,841 [INFO] PluginManage:310 - Check plugin rif
2025-08-17 08:19:47,850 [INFO] PluginManage:359 - Loaded plugin rif (category:base,tabindex:3)
2025-08-17 08:19:47,850 [INFO] PluginManage:310 - Check plugin thirdparty
2025-08-17 08:19:48,050 [INFO] PluginManage:359 - Loaded plugin thirdparty (category:base,tabindex:-1)
2025-08-17 08:19:48,050 [WARN] IntegrityCheckThread:84 - waiting for thirdparty lock release [integrity check]
2025-08-17 08:19:48,050 [INFO] IntegrityCheckThread:86 - entering critical section [integrity check]
2025-08-17 08:19:48,051 [INFO] PluginManage:310 - Check plugin tools
2025-08-17 08:19:48,051 [INFO] ThirdPartyUpdaterWithRetryManager:70 - Updater plugin not ready yet. [1/15]
2025-08-17 08:19:48,054 [INFO] PluginManage:359 - Loaded plugin tools (category:base,tabindex:7)
2025-08-17 08:19:48,054 [INFO] PluginManage:310 - Check plugin tutovideos
2025-08-17 08:19:48,288 [INFO] PluginManage:359 - Loaded plugin tutovideos (category:base,tabindex:-1)
2025-08-17 08:19:48,288 [INFO] PluginManage:310 - Check plugin updater
2025-08-17 08:19:48,321 [INFO] PluginManage:359 - Loaded plugin updater (category:base,tabindex:12)
2025-08-17 08:19:48,321 [INFO] PluginManage:310 - Check plugin userauth
2025-08-17 08:19:48,326 [INFO] UserAuth:118 - Init User Auth plugin
2025-08-17 08:19:48,328 [INFO] PluginManage:359 - Loaded plugin userauth (category:base,tabindex:14)
2025-08-17 08:19:48,328 [INFO] PluginManage:283 - PluginManage : Loaded plugins [18]
2025-08-17 08:19:48,599 [INFO] PinOutPanel:1589 - setPackage(No Configuration,No Configuration)
2025-08-17 08:19:48,689 [INFO] CADModel:165 - CPN selected for project level
2025-08-17 08:19:48,689 [INFO] CADModel:114 - Register for checkConnection events
2025-08-17 08:19:48,704 [INFO] IPUIPlugin:80 - create IPUIPlugin
2025-08-17 08:19:48,704 [INFO] PluginManager:220 - loadIPPluginJar : add adc
2025-08-17 08:19:48,706 [INFO] IPUIPlugin:80 - create IPUIPlugin
2025-08-17 08:19:48,707 [INFO] PluginManager:220 - loadIPPluginJar : add aes
2025-08-17 08:19:48,709 [INFO] IPUIPlugin:80 - create IPUIPlugin
2025-08-17 08:19:48,709 [INFO] PluginManager:220 - loadIPPluginJar : add can
2025-08-17 08:19:48,712 [INFO] IPUIPlugin:80 - create IPUIPlugin
2025-08-17 08:19:48,712 [INFO] PluginManager:220 - loadIPPluginJar : add comp
2025-08-17 08:19:48,714 [INFO] IPUIPlugin:80 - create IPUIPlugin
2025-08-17 08:19:48,714 [INFO] PluginManager:220 - loadIPPluginJar : add cryp
2025-08-17 08:19:48,717 [INFO] IPUIPlugin:80 - create IPUIPlugin
2025-08-17 08:19:48,717 [INFO] PluginManager:220 - loadIPPluginJar : add ddr_ctrl_phy
2025-08-17 08:19:48,718 [INFO] IPUIPlugin:80 - create IPUIPlugin
2025-08-17 08:19:48,719 [INFO] PluginManager:220 - loadIPPluginJar : add dfsdm
2025-08-17 08:19:48,726 [INFO] IPUIPlugin:80 - create IPUIPlugin
2025-08-17 08:19:48,726 [INFO] PluginManager:220 - loadIPPluginJar : add dma
2025-08-17 08:19:48,728 [INFO] IPUIPlugin:80 - create IPUIPlugin
2025-08-17 08:19:48,728 [INFO] PluginManager:220 - loadIPPluginJar : add dma3
2025-08-17 08:19:48,731 [INFO] IPUIPlugin:80 - create IPUIPlugin
2025-08-17 08:19:48,731 [INFO] PluginManager:220 - loadIPPluginJar : add extmemmanager
2025-08-17 08:19:48,732 [INFO] IPUIPlugin:80 - create IPUIPlugin
2025-08-17 08:19:48,732 [INFO] PluginManager:220 - loadIPPluginJar : add fatfs
2025-08-17 08:19:48,737 [INFO] IPUIPlugin:80 - create IPUIPlugin
2025-08-17 08:19:48,737 [INFO] PluginManager:220 - loadIPPluginJar : add fmc
2025-08-17 08:19:48,743 [INFO] IPUIPlugin:80 - create IPUIPlugin
2025-08-17 08:19:48,743 [INFO] PluginManager:220 - loadIPPluginJar : add freertos
2025-08-17 08:19:48,744 [INFO] IPUIPlugin:80 - create IPUIPlugin
2025-08-17 08:19:48,744 [INFO] PluginManager:220 - loadIPPluginJar : add genericplugin
2025-08-17 08:19:48,746 [INFO] IPUIPlugin:80 - create IPUIPlugin
2025-08-17 08:19:48,746 [INFO] PluginManager:220 - loadIPPluginJar : add gfxmmu
2025-08-17 08:19:48,750 [INFO] IPUIPlugin:80 - create IPUIPlugin
2025-08-17 08:19:48,750 [INFO] PluginManager:220 - loadIPPluginJar : add gic
2025-08-17 08:19:48,755 [INFO] IPUIPlugin:80 - create IPUIPlugin
2025-08-17 08:19:48,755 [INFO] PluginManager:220 - loadIPPluginJar : add gpio
2025-08-17 08:19:48,758 [INFO] IPUIPlugin:80 - create IPUIPlugin
2025-08-17 08:19:48,758 [INFO] PluginManager:220 - loadIPPluginJar : add gtzc
2025-08-17 08:19:48,761 [INFO] IPUIPlugin:80 - create IPUIPlugin
2025-08-17 08:19:48,761 [INFO] PluginManager:220 - loadIPPluginJar : add hash
2025-08-17 08:19:48,763 [INFO] IPUIPlugin:80 - create IPUIPlugin
2025-08-17 08:19:48,763 [INFO] PluginManager:220 - loadIPPluginJar : add i2c
2025-08-17 08:19:48,765 [INFO] IPUIPlugin:80 - create IPUIPlugin
2025-08-17 08:19:48,766 [INFO] PluginManager:220 - loadIPPluginJar : add i2s
2025-08-17 08:19:48,768 [INFO] IPUIPlugin:80 - create IPUIPlugin
2025-08-17 08:19:48,768 [INFO] PluginManager:220 - loadIPPluginJar : add i3c
2025-08-17 08:19:48,772 [INFO] IPUIPlugin:80 - create IPUIPlugin
2025-08-17 08:19:48,772 [INFO] PluginManager:220 - loadIPPluginJar : add ipddr
2025-08-17 08:19:48,780 [INFO] IPUIPlugin:80 - create IPUIPlugin
2025-08-17 08:19:48,780 [INFO] PluginManager:220 - loadIPPluginJar : add linkedlist
2025-08-17 08:19:48,783 [INFO] IPUIPlugin:80 - create IPUIPlugin
2025-08-17 08:19:48,783 [INFO] PluginManager:220 - loadIPPluginJar : add lorawan
2025-08-17 08:19:48,784 [INFO] IPUIPlugin:80 - create IPUIPlugin
2025-08-17 08:19:48,784 [INFO] PluginManager:220 - loadIPPluginJar : add ltdc
2025-08-17 08:19:48,789 [INFO] IPUIPlugin:80 - create IPUIPlugin
2025-08-17 08:19:48,789 [INFO] PluginManager:220 - loadIPPluginJar : add mdma
2025-08-17 08:19:48,793 [INFO] IPUIPlugin:80 - create IPUIPlugin
2025-08-17 08:19:48,793 [INFO] PluginManager:220 - loadIPPluginJar : add nvic
2025-08-17 08:19:48,796 [INFO] IPUIPlugin:80 - create IPUIPlugin
2025-08-17 08:19:48,796 [INFO] PluginManager:220 - loadIPPluginJar : add opamp
2025-08-17 08:19:48,799 [INFO] IPUIPlugin:80 - create IPUIPlugin
2025-08-17 08:19:48,799 [INFO] PluginManager:220 - loadIPPluginJar : add openamp
2025-08-17 08:19:48,802 [INFO] IPUIPlugin:80 - create IPUIPlugin
2025-08-17 08:19:48,802 [INFO] PluginManager:220 - loadIPPluginJar : add pdm2pcm
2025-08-17 08:19:48,809 [INFO] IPUIPlugin:80 - create IPUIPlugin
2025-08-17 08:19:48,812 [INFO] PluginManager:220 - loadIPPluginJar : add plateformsettings
2025-08-17 08:19:48,815 [INFO] IPUIPlugin:80 - create IPUIPlugin
2025-08-17 08:19:48,815 [INFO] PluginManager:220 - loadIPPluginJar : add quadspi
2025-08-17 08:19:48,820 [INFO] IPUIPlugin:80 - create IPUIPlugin
2025-08-17 08:19:48,821 [INFO] PluginManager:220 - loadIPPluginJar : add radio
2025-08-17 08:19:48,826 [INFO] IPUIPlugin:80 - create IPUIPlugin
2025-08-17 08:19:48,827 [INFO] PluginManager:220 - loadIPPluginJar : add resmgrutility
2025-08-17 08:19:48,832 [INFO] IPUIPlugin:80 - create IPUIPlugin
2025-08-17 08:19:48,832 [INFO] PluginManager:220 - loadIPPluginJar : add sai
2025-08-17 08:19:48,834 [INFO] IPUIPlugin:80 - create IPUIPlugin
2025-08-17 08:19:48,834 [INFO] PluginManager:220 - loadIPPluginJar : add spi
2025-08-17 08:19:48,841 [INFO] IPUIPlugin:80 - create IPUIPlugin
2025-08-17 08:19:48,841 [INFO] PluginManager:220 - loadIPPluginJar : add stm32_wpan
2025-08-17 08:19:48,842 [INFO] IPUIPlugin:80 - create IPUIPlugin
2025-08-17 08:19:48,842 [INFO] PluginManager:220 - loadIPPluginJar : add tim
2025-08-17 08:19:48,846 [INFO] IPUIPlugin:80 - create IPUIPlugin
2025-08-17 08:19:48,847 [INFO] PluginManager:220 - loadIPPluginJar : add touchsensing
2025-08-17 08:19:48,849 [INFO] IPUIPlugin:80 - create IPUIPlugin
2025-08-17 08:19:48,849 [INFO] PluginManager:220 - loadIPPluginJar : add tracer_emb
2025-08-17 08:19:48,851 [INFO] IPUIPlugin:80 - create IPUIPlugin
2025-08-17 08:19:48,851 [INFO] PluginManager:220 - loadIPPluginJar : add ts
2025-08-17 08:19:48,853 [INFO] IPUIPlugin:80 - create IPUIPlugin
2025-08-17 08:19:48,853 [INFO] PluginManager:220 - loadIPPluginJar : add tsc
2025-08-17 08:19:48,855 [INFO] IPUIPlugin:80 - create IPUIPlugin
2025-08-17 08:19:48,855 [INFO] PluginManager:220 - loadIPPluginJar : add ucpd
2025-08-17 08:19:48,857 [INFO] IPUIPlugin:80 - create IPUIPlugin
2025-08-17 08:19:48,857 [INFO] PluginManager:220 - loadIPPluginJar : add usart
2025-08-17 08:19:48,859 [INFO] IPUIPlugin:80 - create IPUIPlugin
2025-08-17 08:19:48,859 [INFO] PluginManager:220 - loadIPPluginJar : add usbx
2025-08-17 08:19:48,985 [FATAL] Updater:351 - Updater called before beeing initialized
2025-08-17 08:19:49,049 [INFO] RulesReader:64 - Compatibility file has been processed (302 Rules)
2025-08-17 08:19:49,065 [INFO] RulesReader:64 - Compatibility file has been processed (302 Rules)
2025-08-17 08:19:49,097 [INFO] CADModel:165 - CPN selected for project level
2025-08-17 08:19:49,098 [INFO] CADModel:114 - Register for checkConnection events
2025-08-17 08:19:49,098 [FATAL] Updater:351 - Updater called before beeing initialized
2025-08-17 08:19:49,098 [ERROR] CADModel:125 - Updater not yet initialized, retry later 
2025-08-17 08:19:49,340 [FATAL] Updater:351 - Updater called before beeing initialized
2025-08-17 08:19:49,343 [INFO] CADModel:165 - CPN selected for project level
2025-08-17 08:19:49,343 [INFO] CADModel:114 - Register for checkConnection events
2025-08-17 08:19:49,343 [FATAL] Updater:351 - Updater called before beeing initialized
2025-08-17 08:19:49,343 [ERROR] CADModel:125 - Updater not yet initialized, retry later 
2025-08-17 08:19:49,348 [FATAL] Updater:351 - Updater called before beeing initialized
2025-08-17 08:19:49,462 [FATAL] Updater:351 - Updater called before beeing initialized
2025-08-17 08:19:49,468 [INFO] DbMcusAds:53 - JSON generation date=Wed May 07 06:07:55 ART 2025 (1746608875484)
2025-08-17 08:19:49,468 [FATAL] Updater:351 - Updater called before beeing initialized
2025-08-17 08:19:49,506 [WARN] DetailPanel:346 - Failed to get advertising image, set to default
2025-08-17 08:19:49,756 [FATAL] Updater:351 - Updater called before beeing initialized
2025-08-17 08:19:49,758 [FATAL] Updater:351 - Updater called before beeing initialized
2025-08-17 08:19:49,758 [FATAL] Updater:351 - Updater called before beeing initialized
2025-08-17 08:19:49,759 [WARN] DetailPanel:346 - Failed to get advertising image, set to default
2025-08-17 08:19:49,760 [FATAL] Updater:351 - Updater called before beeing initialized
2025-08-17 08:19:49,834 [ERROR] Updater:1198 - MainUpdater not yet initialized. External WinMGr cannot be set.
2025-08-17 08:19:49,838 [INFO] Updater:1134 - Updater Version found : 6.14.1
2025-08-17 08:19:49,866 [INFO] ApplicationProperties:184 - Using Application install path: C:\Apps\STM32CubeIDE_1.18.1\STM32CubeIDE\plugins\com.st.stm32cube.common.mx_6.14.1.202504091515
2025-08-17 08:19:51,052 [INFO] ThirdPartyUpdaterWithRetryManager:70 - Updater plugin not ready yet. [2/15]
2025-08-17 08:19:51,445 [ERROR] LogOutputStream:75 - [STDERR_REDIRECT] Aug 17, 2025 8:19:51 AM java.util.prefs.WindowsPreferences <init>
2025-08-17 08:19:51,449 [ERROR] LogOutputStream:75 - [STDERR_REDIRECT] WARNING: Could not open/create prefs root node Software\JavaSoft\Prefs at root 0xffffffff80000002. Windows RegCreateKeyEx(...) returned error code 5.
2025-08-17 08:19:51,449 [ERROR] LogOutputStream:75 - [STDERR_REDIRECT] 
2025-08-17 08:19:52,900 [INFO] MainUpdater:2872 - connection check result : 10
2025-08-17 08:19:52,902 [INFO] MainUpdater:289 - Updater Check For Update Now.
2025-08-17 08:19:52,902 [INFO] MicroXplorer:498 - Change Database Version : DB.6.0.141
2025-08-17 08:19:52,920 [INFO] McuFinderGlobals:63 - Set McuFinder mode to 2 (CubeIDE integrated)
2025-08-17 08:19:52,920 [INFO] UserAuth:171 - activating auth plugin
2025-08-17 08:19:52,927 [INFO] UserAuth:484 - Internet connection configuration mode: 1
2025-08-17 08:19:53,081 [INFO] JxBrowserEngine:152 - Initiate JxBrowser Engine with user profile folder
2025-08-17 08:19:53,203 [INFO] CheckServerUpdateThread:120 - End of CheckServer Thread
2025-08-17 08:19:54,401 [WARN] PackLoader:240 - Cannot read IP mode file for STMicroelectronics.FP-SNS-MOTENVWB1.1.4.0
2025-08-17 08:19:54,412 [WARN] PackLoader:240 - Cannot read IP mode file for STMicroelectronics.FP-ATR-ASTRA1.2.0.2
2025-08-17 08:19:54,423 [WARN] PackLoader:240 - Cannot read IP mode file for STMicroelectronics.X-CUBE-SMBUS.2.1.0
2025-08-17 08:19:54,432 [WARN] PackLoader:240 - Cannot read IP mode file for STMicroelectronics.X-CUBE-ST60.1.0.0
2025-08-17 08:19:54,482 [WARN] PackLoader:240 - Cannot read IP mode file for STMicroelectronics.X-CUBE-AZRTOS-F7.1.1.0
2025-08-17 08:19:54,542 [WARN] PackLoader:240 - Cannot read IP mode file for Infineon.AIROC-Wi-Fi-Bluetooth-STM32.1.7.0
2025-08-17 08:19:54,597 [WARN] PackLoader:240 - Cannot read IP mode file for STMicroelectronics.X-CUBE-AZRTOS-H7.3.4.0
2025-08-17 08:19:54,622 [WARN] PackLoader:240 - Cannot read IP mode file for STMicroelectronics.X-CUBE-DISPLAY.3.0.0
2025-08-17 08:19:54,648 [WARN] PackLoader:240 - Cannot read IP mode file for STMicroelectronics.X-CUBE-NFC10.1.0.0
2025-08-17 08:19:54,668 [WARN] PackLoader:240 - Cannot read IP mode file for STMicroelectronics.X-CUBE-BLEMGR.4.0.0
2025-08-17 08:19:54,688 [WARN] PackLoader:240 - Cannot read IP mode file for emotas.I-CUBE-CANOPEN.1.3.0
2025-08-17 08:19:54,697 [WARN] ConditionMgr:438 - getConditionDescription Invalid condition id : Cortex-A Device cause : null
2025-08-17 08:19:54,735 [WARN] ConditionMgr:1044 - genDependencies : Invalid condition id : Cortex-A Device cause : null
2025-08-17 08:19:54,735 [WARN] ConditionMgr:1044 - genDependencies : Invalid condition id : Cortex-A Device cause : null
2025-08-17 08:19:54,735 [WARN] ConditionMgr:1044 - genDependencies : Invalid condition id : Cortex-A Device cause : null
2025-08-17 08:19:54,741 [WARN] PackLoader:240 - Cannot read IP mode file for STMicroelectronics.X-CUBE-AI.10.0.0
2025-08-17 08:19:54,749 [ERROR] Engine:466 - C:\Users\aless\.stm32cubemx\thirdparties\pdsc\STMicroelectronics.FP-SNS-STBOX1.2.1.0.pdsc: PDSC version is not supported
2025-08-17 08:19:54,753 [WARN] PackLoader:240 - Cannot read IP mode file for STMicroelectronics.FP-SNS-SMARTAG2.1.2.0
2025-08-17 08:19:54,761 [WARN] PackLoader:240 - Cannot read IP mode file for STMicroelectronics.FP-SNS-FLIGHT1.5.1.0
2025-08-17 08:19:54,770 [INFO] LogOutputStream:77 - [STDOUT_REDIRECT] 1 : Invalid condition id : UX_CORESTACK_Condition cause : null
2025-08-17 08:19:54,772 [INFO] LogOutputStream:77 - [STDOUT_REDIRECT] 1 : Invalid condition id : UX_CORESTACK_Condition cause : null
2025-08-17 08:19:54,774 [INFO] LogOutputStream:77 - [STDOUT_REDIRECT] 1 : Invalid condition id : UX_CORESTACK_Condition cause : null
2025-08-17 08:19:54,776 [INFO] LogOutputStream:77 - [STDOUT_REDIRECT] 1 : Invalid condition id : UX_CORESTACK_Condition cause : null
2025-08-17 08:19:54,778 [INFO] LogOutputStream:77 - [STDOUT_REDIRECT] 1 : Invalid condition id : UX_CORESTACK_Condition cause : null
2025-08-17 08:19:54,781 [WARN] PackLoader:240 - Cannot read IP mode file for STMicroelectronics.X-CUBE-AZRTOS-WL.2.0.0
2025-08-17 08:19:54,789 [WARN] PackLoader:240 - Cannot read IP mode file for STMicroelectronics.FP-SNS-MOTENV1.5.0.0
2025-08-17 08:19:54,808 [WARN] PackLoader:240 - Cannot read IP mode file for WES.I-CUBE-Cesium.1.3.0
2025-08-17 08:19:54,817 [WARN] PackLoader:240 - Cannot read IP mode file for STMicroelectronics.X-CUBE-BLE2.3.3.0
2025-08-17 08:19:54,824 [WARN] PackLoader:240 - Cannot read IP mode file for STMicroelectronics.X-CUBE-NFC9.1.0.0
2025-08-17 08:19:54,831 [WARN] PackLoader:240 - Cannot read IP mode file for wolfSSL.I-CUBE-wolfSSL.5.8.0
2025-08-17 08:19:54,837 [WARN] PackLoader:240 - Cannot read IP mode file for STMicroelectronics.X-CUBE-BLE1.7.1.0
2025-08-17 08:19:54,842 [WARN] PackLoader:240 - Cannot read IP mode file for wolfSSL.I-CUBE-wolfMQTT.1.19.2
2025-08-17 08:19:54,847 [WARN] PackLoader:240 - Cannot read IP mode file for STMicroelectronics.X-CUBE-EEPRMA1.5.2.0
2025-08-17 08:19:54,853 [WARN] PackLoader:240 - Cannot read IP mode file for STMicroelectronics.X-CUBE-AI.10.1.0
2025-08-17 08:19:54,897 [WARN] PackLoader:240 - Cannot read IP mode file for STMicroelectronics.X-CUBE-MEMS1.11.2.0
2025-08-17 08:19:55,044 [WARN] PackLoader:240 - Cannot read IP mode file for STMicroelectronics.X-CUBE-AZRTOS-G0.1.1.0
2025-08-17 08:19:55,052 [WARN] PackLoader:240 - Cannot read IP mode file for STMicroelectronics.X-CUBE-SAFEA1.1.2.2
2025-08-17 08:19:55,057 [WARN] PackLoader:240 - Cannot read IP mode file for STMicroelectronics.X-CUBE-NFC4.3.0.0
2025-08-17 08:19:55,065 [WARN] PackLoader:240 - Cannot read IP mode file for EmbeddedOffice.I-CUBE-FS-RTOS.1.0.1
2025-08-17 08:19:55,070 [WARN] PackLoader:240 - Cannot read IP mode file for STMicroelectronics.X-CUBE-WB05N.2.0.0
2025-08-17 08:19:55,076 [WARN] PackLoader:240 - Cannot read IP mode file for wolfSSL.I-CUBE-wolfTPM.3.8.0
2025-08-17 08:19:55,082 [WARN] PackLoader:240 - Cannot read IP mode file for STMicroelectronics.X-CUBE-TCPP.4.2.0
2025-08-17 08:19:55,088 [WARN] PackLoader:240 - Cannot read IP mode file for RealThread.X-CUBE-RT-Thread_Nano.4.1.1
2025-08-17 08:19:55,094 [WARN] PackLoader:240 - Cannot read IP mode file for STMicroelectronics.FP-ATR-SIGFOX1.3.2.0
2025-08-17 08:19:55,100 [WARN] PackLoader:240 - Cannot read IP mode file for STMicroelectronics.X-CUBE-EEPRMA1.5.1.0
2025-08-17 08:19:55,116 [WARN] PackLoader:240 - Cannot read IP mode file for ITTIA_DB.I-CUBE-ITTIADB.8.9.0
2025-08-17 08:19:55,126 [WARN] PackLoader:240 - Cannot read IP mode file for STMicroelectronics.X-CUBE-ST67W61.1.0.0
2025-08-17 08:19:55,132 [WARN] PackLoader:240 - Cannot read IP mode file for STMicroelectronics.X-CUBE-AI.10.2.0
2025-08-17 08:19:55,159 [WARN] PackLoader:240 - Cannot read IP mode file for SEGGER.I-CUBE-embOS.1.3.1
2025-08-17 08:19:55,188 [WARN] PackLoader:240 - Cannot read IP mode file for STMicroelectronics.X-CUBE-ALGOBUILD.1.4.0
2025-08-17 08:19:55,215 [WARN] PackLoader:240 - Cannot read IP mode file for STMicroelectronics.X-CUBE-MEMS1.11.3.0
2025-08-17 08:19:55,304 [WARN] PackLoader:240 - Cannot read IP mode file for STMicroelectronics.X-CUBE-PM33A1.1.0.0
2025-08-17 08:19:55,314 [WARN] PackLoader:240 - Cannot read IP mode file for STMicroelectronics.X-CUBE-AZRTOS-F4.1.1.0
2025-08-17 08:19:55,320 [WARN] PackLoader:240 - Cannot read IP mode file for Avnet-IotConnect.X-CUBE-IoTC-DA16k-PMOD.1.0.0
2025-08-17 08:19:55,324 [WARN] PackLoader:240 - Cannot read IP mode file for STMicroelectronics.X-CUBE-ISPU.2.1.0
2025-08-17 08:19:55,328 [WARN] PackLoader:240 - Cannot read IP mode file for STMicroelectronics.X-CUBE-NFC12.1.0.0
2025-08-17 08:19:55,340 [WARN] PackLoader:240 - Cannot read IP mode file for STMicroelectronics.X-CUBE-AZRTOS-L5.2.0.0
2025-08-17 08:19:55,348 [WARN] PackLoader:240 - Cannot read IP mode file for STMicroelectronics.X-CUBE-NFC6.3.1.0
2025-08-17 08:19:55,355 [WARN] PackLoader:240 - Cannot read IP mode file for STMicroelectronics.X-CUBE-FREERTOS.1.3.1
2025-08-17 08:19:55,360 [WARN] PackLoader:240 - Cannot read IP mode file for STMicroelectronics.FP-SNS-STAIOTCFT.1.0.0
2025-08-17 08:19:55,364 [WARN] PackLoader:240 - Cannot read IP mode file for STMicroelectronics.X-CUBE-DPower.1.3.0
2025-08-17 08:19:55,375 [WARN] ConditionMgr:438 - getConditionDescription Invalid condition id : LAN8742 Phy interface Condition cause : null
2025-08-17 08:19:55,376 [WARN] PackLoader:240 - Cannot read IP mode file for STMicroelectronics.X-CUBE-AZRTOS-L4.2.0.0
2025-08-17 08:19:55,376 [WARN] ConditionMgr:1044 - genDependencies : Invalid condition id : LAN8742 Phy interface Condition cause : null
2025-08-17 08:19:55,376 [WARN] ConditionMgr:1044 - genDependencies : Invalid condition id : LAN8742 Phy interface Condition cause : null
2025-08-17 08:19:55,377 [WARN] ConditionMgr:1044 - genDependencies : Invalid condition id : LAN8742 Phy interface Condition cause : null
2025-08-17 08:19:55,383 [WARN] PackLoader:240 - Cannot read IP mode file for STMicroelectronics.X-CUBE-SFXS2LP1.4.0.0
2025-08-17 08:19:55,402 [WARN] PackLoader:240 - Cannot read IP mode file for STMicroelectronics.X-CUBE-AZRTOS-H7.3.3.0
2025-08-17 08:19:55,416 [WARN] PackLoader:240 - Cannot read IP mode file for STMicroelectronics.X-CUBE-BLEMGR.4.1.0
2025-08-17 08:19:55,450 [WARN] ConditionMgr:438 - getConditionDescription Invalid condition id : UX DEVICE CLASS RTOS Condition cause : null
2025-08-17 08:19:55,451 [WARN] ConditionMgr:438 - getConditionDescription Invalid condition id : UX DEVICE CLASS RTOS Condition cause : null
2025-08-17 08:19:55,453 [WARN] PackLoader:240 - Cannot read IP mode file for STMicroelectronics.X-CUBE-AZRTOS-WB.2.0.0
2025-08-17 08:19:55,453 [WARN] ConditionMgr:1044 - genDependencies : Invalid condition id : UX DEVICE CLASS RTOS Condition cause : null
2025-08-17 08:19:55,453 [WARN] ConditionMgr:1044 - genDependencies : Invalid condition id : UX DEVICE CLASS RTOS Condition cause : null
2025-08-17 08:19:55,454 [WARN] ConditionMgr:1044 - genDependencies : Invalid condition id : UX DEVICE CLASS RTOS Condition cause : null
2025-08-17 08:19:55,454 [WARN] ConditionMgr:1044 - genDependencies : Invalid condition id : UX DEVICE CLASS RTOS Condition cause : null
2025-08-17 08:19:55,454 [WARN] ConditionMgr:1044 - genDependencies : Invalid condition id : UX DEVICE CLASS RTOS Condition cause : null
2025-08-17 08:19:55,463 [WARN] PackLoader:240 - Cannot read IP mode file for STMicroelectronics.X-CUBE-GNSS1.7.0.1
2025-08-17 08:19:55,479 [WARN] PackLoader:240 - Cannot read IP mode file for STMicroelectronics.X-CUBE-TOUCHGFX.4.25.0
2025-08-17 08:19:55,484 [WARN] PackLoader:240 - Cannot read IP mode file for STMicroelectronics.FP-SNS-STBOX1.2.0.0
2025-08-17 08:19:55,494 [WARN] PackLoader:240 - Cannot read IP mode file for STMicroelectronics.X-CUBE-SUBG2.5.0.0
2025-08-17 08:19:55,510 [WARN] PackLoader:240 - Cannot read IP mode file for STMicroelectronics.X-CUBE-AZRTOS-H7RS.1.1.0
2025-08-17 08:19:55,516 [WARN] PackLoader:240 - Cannot read IP mode file for Cesanta.I-CUBE-Mongoose.7.13.0
2025-08-17 08:19:55,531 [WARN] PackLoader:240 - Cannot read IP mode file for STMicroelectronics.X-CUBE-AZRTOS-G4.2.0.0
2025-08-17 08:19:55,536 [WARN] PackLoader:240 - Cannot read IP mode file for wolfSSL.I-CUBE-wolfSSH.1.4.20
2025-08-17 08:19:55,541 [WARN] PackLoader:240 - Cannot read IP mode file for STMicroelectronics.X-CUBE-NFC7.2.0.0
2025-08-17 08:19:55,550 [WARN] PackLoader:240 - Cannot read IP mode file for STMicroelectronics.X-CUBE-IPS.3.1.0
2025-08-17 08:19:55,557 [WARN] PackLoader:240 - Cannot read IP mode file for STMicroelectronics.X-CUBE-ALS.1.0.2
2025-08-17 08:19:55,564 [WARN] PackLoader:240 - Cannot read IP mode file for portGmbH.I-Cube-SoM-uGOAL.1.1.0
2025-08-17 08:19:55,572 [WARN] PackLoader:240 - Cannot read IP mode file for STMicroelectronics.X-CUBE-TOF1.3.4.3
2025-08-17 08:19:55,581 [INFO] ThirdParty:978 - Integrity check success = true
2025-08-17 08:19:55,581 [INFO] IntegrityCheckThread:100 - exiting critical section [integrity check]
2025-08-17 08:19:55,581 [INFO] IntegrityCheckThread:103 - End integrity checks thread
2025-08-17 08:19:56,219 [INFO] WebApp:169 - Instantiating new browser for Auth
2025-08-17 08:19:57,124 [INFO] WebApp:463 - Apply proxy settings
2025-08-17 08:19:57,124 [INFO] WebApp:548 - Chromium requires no authentication
2025-08-17 08:19:57,143 [INFO] WebApp:491 - Direct internet connection detected
2025-08-17 08:19:57,188 [INFO] WebApp:894 - Register for checkConnection events
2025-08-17 08:19:57,188 [INFO] WebApp:463 - Apply proxy settings
2025-08-17 08:19:57,188 [INFO] WebApp:548 - Chromium requires no authentication
2025-08-17 08:19:57,188 [INFO] WebApp:491 - Direct internet connection detected
2025-08-17 08:19:57,414 [INFO] WebApp:191 - Connection restablished
2025-08-17 08:19:57,474 [INFO] WebApp:225 - Starting web application
2025-08-17 08:19:57,474 [INFO] WebApp:593 - Web application path used C:\Apps\STM32CubeIDE_1.18.1\STM32CubeIDE\plugins\com.st.stm32cube.common.mx_6.14.1.202504091515\db\plugins\mcufinder\reactClient1\index.html
